0.1,0.1,gnome-terminal
0.0,0.0,/sbin/init
0.0,0.0,[kthreadd]
0.0,0.0,[migration/0]
0.0,0.0,[ksoftirqd/0]
0.0,0.0,[stopper/0]
0.0,0.0,[watchdog/0]
0.0,0.0,[migration/1]
0.0,0.0,[stopper/1]
0.0,0.0,[ksoftirqd/1]
0.1,0.1,gnome-terminal
0.0,0.0,/sbin/init
0.0,0.0,[kthreadd]
0.0,0.0,[migration/0]
0.0,0.0,[ksoftirqd/0]
0.0,0.0,[stopper/0]
0.0,0.0,[watchdog/0]
0.0,0.0,[migration/1]
0.0,0.0,[stopper/1]
0.0,0.0,[ksoftirqd/1]
0.1,0.1,gnome-terminal
0.0,0.0,/sbin/init
0.0,0.0,[kthreadd]
0.0,0.0,[migration/0]
0.0,0.0,[ksoftirqd/0]
0.0,0.0,[stopper/0]
0.0,0.0,[watchdog/0]
0.0,0.0,[migration/1]
0.0,0.0,[stopper/1]
0.0,0.0,[ksoftirqd/1]
0.1,0.1,gnome-terminal
0.0,0.0,/sbin/init
0.0,0.0,[kthreadd]
0.0,0.0,[migration/0]
0.0,0.0,[ksoftirqd/0]
0.0,0.0,[stopper/0]
0.0,0.0,[watchdog/0]
0.0,0.0,[migration/1]
0.0,0.0,[stopper/1]
0.0,0.0,[ksoftirqd/1]
0.1,0.1,gnome-terminal
0.0,0.0,/sbin/init
0.0,0.0,[kthreadd]
0.0,0.0,[migration/0]
0.0,0.0,[ksoftirqd/0]
0.0,0.0,[stopper/0]
0.0,0.0,[watchdog/0]
0.0,0.0,[migration/1]
0.0,0.0,[stopper/1]
0.0,0.0,[ksoftirqd/1]
0.1,0.4,nautilus
0.1,0.1,gnome-terminal
0.0,0.0,/sbin/init
0.0,0.0,[kthreadd]
0.0,0.0,[migration/0]
0.0,0.0,[ksoftirqd/0]
0.0,0.0,[stopper/0]
0.0,0.0,[watchdog/0]
0.0,0.0,[migration/1]
0.0,0.0,[stopper/1]
0.1,0.4,nautilus
0.1,0.1,gnome-terminal
0.0,0.0,/sbin/init
0.0,0.0,[kthreadd]
0.0,0.0,[migration/0]
0.0,0.0,[ksoftirqd/0]
0.0,0.0,[stopper/0]
0.0,0.0,[watchdog/0]
0.0,0.0,[migration/1]
0.0,0.0,[stopper/1]
